<?xml version="1.0" encoding="UTF-8"?>
<!-- Generated by org.testng.reporters.JUnitXMLReporter -->
<testsuite ignored="0" hostname="DESKTOP-HLOD5N6" failures="0" tests="4" name="Default test" time="10.242" errors="0" timestamp="2023-10-19T18:52:05 IST">
  <testcase classname="api.test.UserTests2" name="testPostUser" time="3.957"/>
  <testcase classname="api.test.UserTests2" name="testGetUserByName" time="1.118"/>
  <testcase classname="api.test.UserTests2" name="testUpdateUserByName" time="2.998"/>
  <testcase classname="api.test.UserTests2" name="testDeleteUserByName" time="1.234"/>
</testsuite> <!-- Default test -->
