<?xml version="1.0" encoding="UTF-8"?>
<testng-results ignored="0" total="4" passed="4" failed="0" skipped="0">
  <reporter-output>
  </reporter-output>
  <suite started-at="2023-10-19T19:46:30 IST" name="PetSuite" finished-at="2023-10-19T19:46:41 IST" duration-ms="10910">
    <groups>
    </groups>
    <test started-at="2023-10-19T19:46:30 IST" name="PetTest" finished-at="2023-10-19T19:46:41 IST" duration-ms="10910">
      <class name="api.test.UserTests">
        <test-method is-config="true" signature="setUp()[pri:0, instance:api.test.UserTests@7722c3c3]" started-at="2023-10-19T19:46:30 IST" name="setUp" finished-at="2023-10-19T19:46:32 IST" duration-ms="1589" status="PASS">
          <reporter-output>
          </reporter-output>
        </test-method> <!-- setUp -->
        <test-method signature="testPostUser()[pri:1, instance:api.test.UserTests@7722c3c3]" started-at="2023-10-19T19:46:32 IST" name="testPostUser" finished-at="2023-10-19T19:46:35 IST" duration-ms="3421" status="PASS">
          <reporter-output>
          </reporter-output>
        </test-method> <!-- testPostUser -->
        <test-method signature="testGetUserByName()[pri:2, instance:api.test.UserTests@7722c3c3]" started-at="2023-10-19T19:46:35 IST" name="testGetUserByName" finished-at="2023-10-19T19:46:37 IST" duration-ms="1440" status="PASS">
          <reporter-output>
          </reporter-output>
        </test-method> <!-- testGetUserByName -->
        <test-method signature="testUpdateUserByName()[pri:3, instance:api.test.UserTests@7722c3c3]" started-at="2023-10-19T19:46:37 IST" name="testUpdateUserByName" finished-at="2023-10-19T19:46:39 IST" duration-ms="2828" status="PASS">
          <reporter-output>
          </reporter-output>
        </test-method> <!-- testUpdateUserByName -->
        <test-method signature="testDeleteUserByName()[pri:4, instance:api.test.UserTests@7722c3c3]" started-at="2023-10-19T19:46:39 IST" name="testDeleteUserByName" finished-at="2023-10-19T19:46:41 IST" duration-ms="1393" status="PASS">
          <reporter-output>
          </reporter-output>
        </test-method> <!-- testDeleteUserByName -->
      </class> <!-- api.test.UserTests -->
    </test> <!-- PetTest -->
  </suite> <!-- PetSuite -->
</testng-results>
