<?xml version="1.0" encoding="UTF-8"?>
<testng-results ignored="0" total="4" passed="4" failed="0" skipped="0">
  <reporter-output>
  </reporter-output>
  <suite started-at="2023-10-19T18:51:55 IST" name="Default suite" finished-at="2023-10-19T18:52:05 IST" duration-ms="10242">
    <groups>
    </groups>
    <test started-at="2023-10-19T18:51:55 IST" name="Default test" finished-at="2023-10-19T18:52:05 IST" duration-ms="10242">
      <class name="api.test.UserTests2">
        <test-method is-config="true" signature="setUp()[pri:0, instance:api.test.UserTests2@8f4ea7c]" started-at="2023-10-19T18:51:55 IST" name="setUp" finished-at="2023-10-19T18:51:56 IST" duration-ms="871" status="PASS">
          <reporter-output>
          </reporter-output>
        </test-method> <!-- setUp -->
        <test-method signature="testPostUser()[pri:1, instance:api.test.UserTests2@8f4ea7c]" started-at="2023-10-19T18:51:56 IST" name="testPostUser" finished-at="2023-10-19T18:52:00 IST" duration-ms="3957" status="PASS">
          <reporter-output>
          </reporter-output>
        </test-method> <!-- testPostUser -->
        <test-method signature="testGetUserByName()[pri:2, instance:api.test.UserTests2@8f4ea7c]" started-at="2023-10-19T18:52:00 IST" name="testGetUserByName" finished-at="2023-10-19T18:52:01 IST" duration-ms="1118" status="PASS">
          <reporter-output>
          </reporter-output>
        </test-method> <!-- testGetUserByName -->
        <test-method signature="testUpdateUserByName()[pri:3, instance:api.test.UserTests2@8f4ea7c]" started-at="2023-10-19T18:52:01 IST" name="testUpdateUserByName" finished-at="2023-10-19T18:52:04 IST" duration-ms="2998" status="PASS">
          <reporter-output>
          </reporter-output>
        </test-method> <!-- testUpdateUserByName -->
        <test-method signature="testDeleteUserByName()[pri:4, instance:api.test.UserTests2@8f4ea7c]" started-at="2023-10-19T18:52:04 IST" name="testDeleteUserByName" finished-at="2023-10-19T18:52:05 IST" duration-ms="1234" status="PASS">
          <reporter-output>
          </reporter-output>
        </test-method> <!-- testDeleteUserByName -->
      </class> <!-- api.test.UserTests2 -->
    </test> <!-- Default test -->
  </suite> <!-- Default suite -->
</testng-results>
