<?xml version="1.0" encoding="UTF-8"?>
<!-- Generated by org.testng.reporters.JUnitXMLReporter -->
<testsuite ignored="0" hostname="DESKTOP-HLOD5N6" failures="0" tests="4" name="PetTest" time="10.455" errors="0" timestamp="2023-09-26T01:23:51 IST">
  <testcase classname="api.test.UserTests" name="testPostUser" time="3.582"/>
  <testcase classname="api.test.UserTests" name="testGetUserByName" time="1.5"/>
  <testcase classname="api.test.UserTests" name="testUpdateUserByName" time="2.897"/>
  <testcase classname="api.test.UserTests" name="testDeleteUserByName" time="1.403"/>
</testsuite> <!-- PetTest -->
